2019-02-16 17:04:55.583  INFO 38911 --- [main] com.cloud.LoginApplication               : Starting LoginApplication on Mevens-MacBook-Air.local with PID 38911 (/Users/mevendcunha/Documents/AdvanceCloud/csye6225-fall2018-master/webapp/spring-login-master/target/classes started by mevendcunha in /Users/mevendcunha/Documents/AdvanceCloud/csye6225-fall2018-master/webapp/spring-login-master)
2019-02-16 17:04:55.588  INFO 38911 --- [main] com.cloud.LoginApplication               : The following profiles are active: default
2019-02-16 17:04:55.653  INFO 38911 --- [main] ConfigServletWebServerApplicationContext : Refreshing org.springframework.boot.web.servlet.context.AnnotationConfigServletWebServerApplicationContext@7c9d8e2: startup date [Sat Feb 16 17:04:55 EST 2019]; root of context hierarchy
2019-02-16 17:04:56.277  INFO 38911 --- [main] o.s.b.f.s.DefaultListableBeanFactory     : Overriding bean definition for bean 'bCryptPasswordEncoder' with a different definition: replacing [Root bean: class [null]; scope=; abstract=false; lazyInit=false; autowireMode=3; dependencyCheck=0; autowireCandidate=true; primary=false; factoryBeanName=customAuthenticationProvider; factoryMethodName=bCryptPasswordEncoder; initMethodName=null; destroyMethodName=(inferred); defined in class path resource [com/cloud/configuration/CustomAuthenticationProvider.class]] with [Root bean: class [null]; scope=; abstract=false; lazyInit=false; autowireMode=3; dependencyCheck=0; autowireCandidate=true; primary=false; factoryBeanName=securityConfiguration; factoryMethodName=bCryptPasswordEncoder; initMethodName=null; destroyMethodName=(inferred); defined in class path resource [com/cloud/configuration/SecurityConfiguration.class]]
2019-02-16 17:04:56.742  INFO 38911 --- [main] trationDelegate$BeanPostProcessorChecker : Bean 'org.springframework.ws.config.annotation.DelegatingWsConfiguration' of type [org.springframework.ws.config.annotation.DelegatingWsConfiguration$$EnhancerBySpringCGLIB$$c8e67d2c] is not eligible for getting processed by all BeanPostProcessors (for example: not eligible for auto-proxying)
2019-02-16 17:04:56.789  INFO 38911 --- [main] .w.s.a.s.AnnotationActionEndpointMapping : Supporting [WS-Addressing August 2004, WS-Addressing 1.0]
2019-02-16 17:04:57.395  INFO 38911 --- [main] o.s.b.w.embedded.tomcat.TomcatWebServer  : Tomcat initialized with port(s): 8080 (http)
2019-02-16 17:04:57.425  INFO 38911 --- [main] o.apache.catalina.core.StandardService   : Starting service [Tomcat]
2019-02-16 17:04:57.425  INFO 38911 --- [main] org.apache.catalina.core.StandardEngine  : Starting Servlet Engine: Apache Tomcat/8.5.34
2019-02-16 17:04:57.432  INFO 38911 --- [localhost-startStop-1] o.a.catalina.core.AprLifecycleListener   : The APR based Apache Tomcat Native library which allows optimal performance in production environments was not found on the java.library.path: [/Users/mevendcunha/Library/Java/Extensions:/Library/Java/Extensions:/Network/Library/Java/Extensions:/System/Library/Java/Extensions:/usr/lib/java:.]
2019-02-16 17:04:57.629  INFO 38911 --- [localhost-startStop-1] o.a.c.c.C.[Tomcat].[localhost].[/]       : Initializing Spring embedded WebApplicationContext
2019-02-16 17:04:57.630  INFO 38911 --- [localhost-startStop-1] o.s.web.context.ContextLoader            : Root WebApplicationContext: initialization completed in 1976 ms
2019-02-16 17:04:57.779  INFO 38911 --- [localhost-startStop-1] o.s.b.w.servlet.FilterRegistrationBean   : Mapping filter: 'characterEncodingFilter' to: [/*]
2019-02-16 17:04:57.780  INFO 38911 --- [localhost-startStop-1] o.s.b.w.servlet.FilterRegistrationBean   : Mapping filter: 'hiddenHttpMethodFilter' to: [/*]
2019-02-16 17:04:57.780  INFO 38911 --- [localhost-startStop-1] o.s.b.w.servlet.FilterRegistrationBean   : Mapping filter: 'httpPutFormContentFilter' to: [/*]
2019-02-16 17:04:57.781  INFO 38911 --- [localhost-startStop-1] o.s.b.w.servlet.FilterRegistrationBean   : Mapping filter: 'requestContextFilter' to: [/*]
2019-02-16 17:04:57.781  INFO 38911 --- [localhost-startStop-1] .s.DelegatingFilterProxyRegistrationBean : Mapping filter: 'springSecurityFilterChain' to: [/*]
2019-02-16 17:04:57.782  INFO 38911 --- [localhost-startStop-1] o.s.b.w.servlet.ServletRegistrationBean  : Servlet dispatcherServlet mapped to [/]
2019-02-16 17:04:57.783  INFO 38911 --- [localhost-startStop-1] o.s.b.w.servlet.ServletRegistrationBean  : Servlet messageDispatcherServlet mapped to [/services/*]
2019-02-16 17:04:57.815  WARN 38911 --- [main] ConfigServletWebServerApplicationContext : Exception encountered during context initialization - cancelling refresh attempt: org.springframework.beans.factory.UnsatisfiedDependencyException: Error creating bean with name 'customAuthenticationProvider': Unsatisfied dependency expressed through field 'userRepository'; nested exception is org.springframework.beans.factory.NoSuchBeanDefinitionException: No qualifying bean of type 'com.cloud.repository.UserRepository' available: expected at least 1 bean which qualifies as autowire candidate. Dependency annotations: {@org.springframework.beans.factory.annotation.Autowired(required=true)}
2019-02-16 17:04:57.818  INFO 38911 --- [main] o.apache.catalina.core.StandardService   : Stopping service [Tomcat]
2019-02-16 17:04:57.847  INFO 38911 --- [main] ConditionEvaluationReportLoggingListener : 

Error starting ApplicationContext. To display the conditions report re-run your application with 'debug' enabled.
2019-02-16 17:04:57.939 ERROR 38911 --- [main] o.s.b.d.LoggingFailureAnalysisReporter   : 

***************************
APPLICATION FAILED TO START
***************************

Description:

Field userRepository in com.cloud.configuration.CustomAuthenticationProvider required a bean of type 'com.cloud.repository.UserRepository' that could not be found.

The injection point has the following annotations:
	- @org.springframework.beans.factory.annotation.Autowired(required=true)


Action:

Consider defining a bean of type 'com.cloud.repository.UserRepository' in your configuration.

2019-02-16 17:05:41.713  INFO 38913 --- [main] com.cloud.LoginApplication               : Starting LoginApplication on Mevens-MacBook-Air.local with PID 38913 (/Users/mevendcunha/Documents/AdvanceCloud/csye6225-fall2018-master/webapp/spring-login-master/target/classes started by mevendcunha in /Users/mevendcunha/Documents/AdvanceCloud/csye6225-fall2018-master/webapp/spring-login-master)
2019-02-16 17:05:41.719  INFO 38913 --- [main] com.cloud.LoginApplication               : The following profiles are active: default
2019-02-16 17:05:41.764  INFO 38913 --- [main] ConfigServletWebServerApplicationContext : Refreshing org.springframework.boot.web.servlet.context.AnnotationConfigServletWebServerApplicationContext@26794848: startup date [Sat Feb 16 17:05:41 EST 2019]; root of context hierarchy
2019-02-16 17:05:42.298  INFO 38913 --- [main] o.s.b.f.s.DefaultListableBeanFactory     : Overriding bean definition for bean 'bCryptPasswordEncoder' with a different definition: replacing [Root bean: class [null]; scope=; abstract=false; lazyInit=false; autowireMode=3; dependencyCheck=0; autowireCandidate=true; primary=false; factoryBeanName=customAuthenticationProvider; factoryMethodName=bCryptPasswordEncoder; initMethodName=null; destroyMethodName=(inferred); defined in class path resource [com/cloud/configuration/CustomAuthenticationProvider.class]] with [Root bean: class [null]; scope=; abstract=false; lazyInit=false; autowireMode=3; dependencyCheck=0; autowireCandidate=true; primary=false; factoryBeanName=securityConfiguration; factoryMethodName=bCryptPasswordEncoder; initMethodName=null; destroyMethodName=(inferred); defined in class path resource [com/cloud/configuration/SecurityConfiguration.class]]
2019-02-16 17:05:42.737  INFO 38913 --- [main] trationDelegate$BeanPostProcessorChecker : Bean 'org.springframework.ws.config.annotation.DelegatingWsConfiguration' of type [org.springframework.ws.config.annotation.DelegatingWsConfiguration$$EnhancerBySpringCGLIB$$c15d41d6] is not eligible for getting processed by all BeanPostProcessors (for example: not eligible for auto-proxying)
2019-02-16 17:05:42.772  INFO 38913 --- [main] .w.s.a.s.AnnotationActionEndpointMapping : Supporting [WS-Addressing August 2004, WS-Addressing 1.0]
2019-02-16 17:05:43.154  INFO 38913 --- [main] o.s.b.w.embedded.tomcat.TomcatWebServer  : Tomcat initialized with port(s): 8080 (http)
2019-02-16 17:05:43.180  INFO 38913 --- [main] o.apache.catalina.core.StandardService   : Starting service [Tomcat]
2019-02-16 17:05:43.181  INFO 38913 --- [main] org.apache.catalina.core.StandardEngine  : Starting Servlet Engine: Apache Tomcat/8.5.34
2019-02-16 17:05:43.185  INFO 38913 --- [localhost-startStop-1] o.a.catalina.core.AprLifecycleListener   : The APR based Apache Tomcat Native library which allows optimal performance in production environments was not found on the java.library.path: [/Users/mevendcunha/Library/Java/Extensions:/Library/Java/Extensions:/Network/Library/Java/Extensions:/System/Library/Java/Extensions:/usr/lib/java:.]
2019-02-16 17:05:43.325  INFO 38913 --- [localhost-startStop-1] o.a.c.c.C.[Tomcat].[localhost].[/]       : Initializing Spring embedded WebApplicationContext
2019-02-16 17:05:43.325  INFO 38913 --- [localhost-startStop-1] o.s.web.context.ContextLoader            : Root WebApplicationContext: initialization completed in 1561 ms
2019-02-16 17:05:43.452  INFO 38913 --- [localhost-startStop-1] o.s.b.w.servlet.FilterRegistrationBean   : Mapping filter: 'characterEncodingFilter' to: [/*]
2019-02-16 17:05:43.452  INFO 38913 --- [localhost-startStop-1] o.s.b.w.servlet.FilterRegistrationBean   : Mapping filter: 'hiddenHttpMethodFilter' to: [/*]
2019-02-16 17:05:43.453  INFO 38913 --- [localhost-startStop-1] o.s.b.w.servlet.FilterRegistrationBean   : Mapping filter: 'httpPutFormContentFilter' to: [/*]
2019-02-16 17:05:43.453  INFO 38913 --- [localhost-startStop-1] o.s.b.w.servlet.FilterRegistrationBean   : Mapping filter: 'requestContextFilter' to: [/*]
2019-02-16 17:05:43.454  INFO 38913 --- [localhost-startStop-1] .s.DelegatingFilterProxyRegistrationBean : Mapping filter: 'springSecurityFilterChain' to: [/*]
2019-02-16 17:05:43.454  INFO 38913 --- [localhost-startStop-1] o.s.b.w.servlet.ServletRegistrationBean  : Servlet dispatcherServlet mapped to [/]
2019-02-16 17:05:43.456  INFO 38913 --- [localhost-startStop-1] o.s.b.w.servlet.ServletRegistrationBean  : Servlet messageDispatcherServlet mapped to [/services/*]
2019-02-16 17:05:43.491  WARN 38913 --- [main] ConfigServletWebServerApplicationContext : Exception encountered during context initialization - cancelling refresh attempt: org.springframework.beans.factory.UnsatisfiedDependencyException: Error creating bean with name 'customAuthenticationProvider': Unsatisfied dependency expressed through field 'userRepository'; nested exception is org.springframework.beans.factory.NoSuchBeanDefinitionException: No qualifying bean of type 'com.cloud.repository.UserRepository' available: expected at least 1 bean which qualifies as autowire candidate. Dependency annotations: {@org.springframework.beans.factory.annotation.Autowired(required=true)}
2019-02-16 17:05:43.493  INFO 38913 --- [main] o.apache.catalina.core.StandardService   : Stopping service [Tomcat]
2019-02-16 17:05:43.511  INFO 38913 --- [main] ConditionEvaluationReportLoggingListener : 

Error starting ApplicationContext. To display the conditions report re-run your application with 'debug' enabled.
2019-02-16 17:05:43.610 ERROR 38913 --- [main] o.s.b.d.LoggingFailureAnalysisReporter   : 

***************************
APPLICATION FAILED TO START
***************************

Description:

Field userRepository in com.cloud.configuration.CustomAuthenticationProvider required a bean of type 'com.cloud.repository.UserRepository' that could not be found.

The injection point has the following annotations:
	- @org.springframework.beans.factory.annotation.Autowired(required=true)


Action:

Consider defining a bean of type 'com.cloud.repository.UserRepository' in your configuration.

2019-02-16 17:11:22.644  INFO 38921 --- [main] com.cloud.LoginApplication               : Starting LoginApplication on Mevens-MacBook-Air.local with PID 38921 (/Users/mevendcunha/Documents/AdvanceCloud/csye6225-fall2018-master/webapp/spring-login-master/target/classes started by mevendcunha in /Users/mevendcunha/Documents/AdvanceCloud/csye6225-fall2018-master/webapp/spring-login-master)
2019-02-16 17:11:22.651  INFO 38921 --- [main] com.cloud.LoginApplication               : The following profiles are active: default
2019-02-16 17:11:22.697  INFO 38921 --- [main] ConfigServletWebServerApplicationContext : Refreshing org.springframework.boot.web.servlet.context.AnnotationConfigServletWebServerApplicationContext@20d525: startup date [Sat Feb 16 17:11:22 EST 2019]; root of context hierarchy
2019-02-16 17:11:23.279  INFO 38921 --- [main] o.s.b.f.s.DefaultListableBeanFactory     : Overriding bean definition for bean 'bCryptPasswordEncoder' with a different definition: replacing [Root bean: class [null]; scope=; abstract=false; lazyInit=false; autowireMode=3; dependencyCheck=0; autowireCandidate=true; primary=false; factoryBeanName=customAuthenticationProvider; factoryMethodName=bCryptPasswordEncoder; initMethodName=null; destroyMethodName=(inferred); defined in class path resource [com/cloud/configuration/CustomAuthenticationProvider.class]] with [Root bean: class [null]; scope=; abstract=false; lazyInit=false; autowireMode=3; dependencyCheck=0; autowireCandidate=true; primary=false; factoryBeanName=securityConfiguration; factoryMethodName=bCryptPasswordEncoder; initMethodName=null; destroyMethodName=(inferred); defined in class path resource [com/cloud/configuration/SecurityConfiguration.class]]
2019-02-16 17:11:23.953  INFO 38921 --- [main] trationDelegate$BeanPostProcessorChecker : Bean 'org.springframework.ws.config.annotation.DelegatingWsConfiguration' of type [org.springframework.ws.config.annotation.DelegatingWsConfiguration$$EnhancerBySpringCGLIB$$8620b982] is not eligible for getting processed by all BeanPostProcessors (for example: not eligible for auto-proxying)
2019-02-16 17:11:23.989  INFO 38921 --- [main] .w.s.a.s.AnnotationActionEndpointMapping : Supporting [WS-Addressing August 2004, WS-Addressing 1.0]
2019-02-16 17:11:24.027  INFO 38921 --- [main] trationDelegate$BeanPostProcessorChecker : Bean 'org.springframework.transaction.annotation.ProxyTransactionManagementConfiguration' of type [org.springframework.transaction.annotation.ProxyTransactionManagementConfiguration$$EnhancerBySpringCGLIB$$e188f483] is not eligible for getting processed by all BeanPostProcessors (for example: not eligible for auto-proxying)
2019-02-16 17:11:24.462  INFO 38921 --- [main] o.s.b.w.embedded.tomcat.TomcatWebServer  : Tomcat initialized with port(s): 8080 (http)
2019-02-16 17:11:24.490  INFO 38921 --- [main] o.apache.catalina.core.StandardService   : Starting service [Tomcat]
2019-02-16 17:11:24.490  INFO 38921 --- [main] org.apache.catalina.core.StandardEngine  : Starting Servlet Engine: Apache Tomcat/8.5.34
2019-02-16 17:11:24.495  INFO 38921 --- [localhost-startStop-1] o.a.catalina.core.AprLifecycleListener   : The APR based Apache Tomcat Native library which allows optimal performance in production environments was not found on the java.library.path: [/Users/mevendcunha/Library/Java/Extensions:/Library/Java/Extensions:/Network/Library/Java/Extensions:/System/Library/Java/Extensions:/usr/lib/java:.]
2019-02-16 17:11:24.610  INFO 38921 --- [localhost-startStop-1] o.a.c.c.C.[Tomcat].[localhost].[/]       : Initializing Spring embedded WebApplicationContext
2019-02-16 17:11:24.610  INFO 38921 --- [localhost-startStop-1] o.s.web.context.ContextLoader            : Root WebApplicationContext: initialization completed in 1913 ms
2019-02-16 17:11:24.725  INFO 38921 --- [localhost-startStop-1] o.s.b.w.servlet.FilterRegistrationBean   : Mapping filter: 'characterEncodingFilter' to: [/*]
2019-02-16 17:11:24.725  INFO 38921 --- [localhost-startStop-1] o.s.b.w.servlet.FilterRegistrationBean   : Mapping filter: 'hiddenHttpMethodFilter' to: [/*]
2019-02-16 17:11:24.725  INFO 38921 --- [localhost-startStop-1] o.s.b.w.servlet.FilterRegistrationBean   : Mapping filter: 'httpPutFormContentFilter' to: [/*]
2019-02-16 17:11:24.726  INFO 38921 --- [localhost-startStop-1] o.s.b.w.servlet.FilterRegistrationBean   : Mapping filter: 'requestContextFilter' to: [/*]
2019-02-16 17:11:24.727  INFO 38921 --- [localhost-startStop-1] .s.DelegatingFilterProxyRegistrationBean : Mapping filter: 'springSecurityFilterChain' to: [/*]
2019-02-16 17:11:24.727  INFO 38921 --- [localhost-startStop-1] o.s.b.w.servlet.ServletRegistrationBean  : Servlet dispatcherServlet mapped to [/]
2019-02-16 17:11:24.729  INFO 38921 --- [localhost-startStop-1] o.s.b.w.servlet.ServletRegistrationBean  : Servlet messageDispatcherServlet mapped to [/services/*]
2019-02-16 17:11:24.765  WARN 38921 --- [main] ConfigServletWebServerApplicationContext : Exception encountered during context initialization - cancelling refresh attempt: org.springframework.beans.factory.UnsatisfiedDependencyException: Error creating bean with name 'org.springframework.boot.autoconfigure.orm.jpa.HibernateJpaConfiguration': Unsatisfied dependency expressed through constructor parameter 0; nested exception is org.springframework.beans.factory.BeanCreationException: Error creating bean with name 'dataSource' defined in class path resource [org/springframework/boot/autoconfigure/jdbc/DataSourceConfiguration$Hikari.class]: Bean instantiation via factory method failed; nested exception is org.springframework.beans.BeanInstantiationException: Failed to instantiate [com.zaxxer.hikari.HikariDataSource]: Factory method 'dataSource' threw exception; nested exception is org.springframework.boot.autoconfigure.jdbc.DataSourceProperties$DataSourceBeanCreationException: Failed to determine a suitable driver class
2019-02-16 17:11:24.767  INFO 38921 --- [main] o.apache.catalina.core.StandardService   : Stopping service [Tomcat]
2019-02-16 17:11:24.786  INFO 38921 --- [main] ConditionEvaluationReportLoggingListener : 

Error starting ApplicationContext. To display the conditions report re-run your application with 'debug' enabled.
2019-02-16 17:11:24.791 ERROR 38921 --- [main] o.s.b.d.LoggingFailureAnalysisReporter   : 

***************************
APPLICATION FAILED TO START
***************************

Description:

Failed to configure a DataSource: 'url' attribute is not specified and no embedded datasource could be configured.

Reason: Failed to determine a suitable driver class


Action:

Consider the following:
	If you want an embedded database (H2, HSQL or Derby), please put it on the classpath.
	If you have database settings to be loaded from a particular profile you may need to activate it (no profiles are currently active).

2019-02-16 17:12:30.640  INFO 38925 --- [main] com.cloud.LoginApplication               : Starting LoginApplication on Mevens-MacBook-Air.local with PID 38925 (/Users/mevendcunha/Documents/AdvanceCloud/csye6225-fall2018-master/webapp/spring-login-master/target/classes started by mevendcunha in /Users/mevendcunha/Documents/AdvanceCloud/csye6225-fall2018-master/webapp/spring-login-master)
2019-02-16 17:12:30.643  INFO 38925 --- [main] com.cloud.LoginApplication               : The following profiles are active: default
2019-02-16 17:12:30.687  INFO 38925 --- [main] ConfigServletWebServerApplicationContext : Refreshing org.springframework.boot.web.servlet.context.AnnotationConfigServletWebServerApplicationContext@247bddad: startup date [Sat Feb 16 17:12:30 EST 2019]; root of context hierarchy
2019-02-16 17:12:31.276  INFO 38925 --- [main] o.s.b.f.s.DefaultListableBeanFactory     : Overriding bean definition for bean 'bCryptPasswordEncoder' with a different definition: replacing [Root bean: class [null]; scope=; abstract=false; lazyInit=false; autowireMode=3; dependencyCheck=0; autowireCandidate=true; primary=false; factoryBeanName=customAuthenticationProvider; factoryMethodName=bCryptPasswordEncoder; initMethodName=null; destroyMethodName=(inferred); defined in class path resource [com/cloud/configuration/CustomAuthenticationProvider.class]] with [Root bean: class [null]; scope=; abstract=false; lazyInit=false; autowireMode=3; dependencyCheck=0; autowireCandidate=true; primary=false; factoryBeanName=securityConfiguration; factoryMethodName=bCryptPasswordEncoder; initMethodName=null; destroyMethodName=(inferred); defined in class path resource [com/cloud/configuration/SecurityConfiguration.class]]
2019-02-16 17:12:31.892  INFO 38925 --- [main] trationDelegate$BeanPostProcessorChecker : Bean 'org.springframework.ws.config.annotation.DelegatingWsConfiguration' of type [org.springframework.ws.config.annotation.DelegatingWsConfiguration$$EnhancerBySpringCGLIB$$1357d6ce] is not eligible for getting processed by all BeanPostProcessors (for example: not eligible for auto-proxying)
2019-02-16 17:12:31.928  INFO 38925 --- [main] .w.s.a.s.AnnotationActionEndpointMapping : Supporting [WS-Addressing August 2004, WS-Addressing 1.0]
2019-02-16 17:12:31.970  INFO 38925 --- [main] trationDelegate$BeanPostProcessorChecker : Bean 'org.springframework.transaction.annotation.ProxyTransactionManagementConfiguration' of type [org.springframework.transaction.annotation.ProxyTransactionManagementConfiguration$$EnhancerBySpringCGLIB$$6ec011cf] is not eligible for getting processed by all BeanPostProcessors (for example: not eligible for auto-proxying)
2019-02-16 17:12:32.417  INFO 38925 --- [main] o.s.b.w.embedded.tomcat.TomcatWebServer  : Tomcat initialized with port(s): 8080 (http)
2019-02-16 17:12:32.445  INFO 38925 --- [main] o.apache.catalina.core.StandardService   : Starting service [Tomcat]
2019-02-16 17:12:32.445  INFO 38925 --- [main] org.apache.catalina.core.StandardEngine  : Starting Servlet Engine: Apache Tomcat/8.5.34
2019-02-16 17:12:32.450  INFO 38925 --- [localhost-startStop-1] o.a.catalina.core.AprLifecycleListener   : The APR based Apache Tomcat Native library which allows optimal performance in production environments was not found on the java.library.path: [/Users/mevendcunha/Library/Java/Extensions:/Library/Java/Extensions:/Network/Library/Java/Extensions:/System/Library/Java/Extensions:/usr/lib/java:.]
2019-02-16 17:12:32.558  INFO 38925 --- [localhost-startStop-1] o.a.c.c.C.[Tomcat].[localhost].[/]       : Initializing Spring embedded WebApplicationContext
2019-02-16 17:12:32.558  INFO 38925 --- [localhost-startStop-1] o.s.web.context.ContextLoader            : Root WebApplicationContext: initialization completed in 1872 ms
2019-02-16 17:12:32.678  INFO 38925 --- [localhost-startStop-1] o.s.b.w.servlet.FilterRegistrationBean   : Mapping filter: 'characterEncodingFilter' to: [/*]
2019-02-16 17:12:32.679  INFO 38925 --- [localhost-startStop-1] o.s.b.w.servlet.FilterRegistrationBean   : Mapping filter: 'hiddenHttpMethodFilter' to: [/*]
2019-02-16 17:12:32.679  INFO 38925 --- [localhost-startStop-1] o.s.b.w.servlet.FilterRegistrationBean   : Mapping filter: 'httpPutFormContentFilter' to: [/*]
2019-02-16 17:12:32.679  INFO 38925 --- [localhost-startStop-1] o.s.b.w.servlet.FilterRegistrationBean   : Mapping filter: 'requestContextFilter' to: [/*]
2019-02-16 17:12:32.680  INFO 38925 --- [localhost-startStop-1] .s.DelegatingFilterProxyRegistrationBean : Mapping filter: 'springSecurityFilterChain' to: [/*]
2019-02-16 17:12:32.680  INFO 38925 --- [localhost-startStop-1] o.s.b.w.servlet.ServletRegistrationBean  : Servlet dispatcherServlet mapped to [/]
2019-02-16 17:12:32.681  INFO 38925 --- [localhost-startStop-1] o.s.b.w.servlet.ServletRegistrationBean  : Servlet messageDispatcherServlet mapped to [/services/*]
2019-02-16 17:12:32.846  INFO 38925 --- [main] com.zaxxer.hikari.HikariDataSource       : HikariPool-1 - Starting...
2019-02-16 17:12:33.784  INFO 38925 --- [main] com.zaxxer.hikari.HikariDataSource       : HikariPool-1 - Start completed.
2019-02-16 17:12:33.852  INFO 38925 --- [main] j.LocalContainerEntityManagerFactoryBean : Building JPA container EntityManagerFactory for persistence unit 'default'
2019-02-16 17:12:33.866  INFO 38925 --- [main] o.hibernate.jpa.internal.util.LogHelper  : HHH000204: Processing PersistenceUnitInfo [
	name: default
	...]
2019-02-16 17:12:33.973  INFO 38925 --- [main] org.hibernate.Version                    : HHH000412: Hibernate Core {5.2.17.Final}
2019-02-16 17:12:33.977  INFO 38925 --- [main] org.hibernate.cfg.Environment            : HHH000206: hibernate.properties not found
2019-02-16 17:12:34.044  INFO 38925 --- [main] o.hibernate.annotations.common.Version   : HCANN000001: Hibernate Commons Annotations {5.0.1.Final}
2019-02-16 17:12:34.218  INFO 38925 --- [main] org.hibernate.dialect.Dialect            : HHH000400: Using dialect: org.hibernate.dialect.MySQL5Dialect
2019-02-16 17:12:35.647  INFO 38925 --- [main] j.LocalContainerEntityManagerFactoryBean : Initialized JPA EntityManagerFactory for persistence unit 'default'
2019-02-16 17:12:36.405  INFO 38925 --- [main] o.s.s.web.DefaultSecurityFilterChain     : Creating filter chain: Ant [pattern='/resources/**'], []
2019-02-16 17:12:36.413  INFO 38925 --- [main] o.s.s.web.DefaultSecurityFilterChain     : Creating filter chain: Ant [pattern='/static/**'], []
2019-02-16 17:12:36.413  INFO 38925 --- [main] o.s.s.web.DefaultSecurityFilterChain     : Creating filter chain: Ant [pattern='/css/**'], []
2019-02-16 17:12:36.414  INFO 38925 --- [main] o.s.s.web.DefaultSecurityFilterChain     : Creating filter chain: Ant [pattern='/js/**'], []
2019-02-16 17:12:36.414  INFO 38925 --- [main] o.s.s.web.DefaultSecurityFilterChain     : Creating filter chain: Ant [pattern='/images/**'], []
2019-02-16 17:12:36.507  INFO 38925 --- [main] o.s.s.web.DefaultSecurityFilterChain     : Creating filter chain: org.springframework.security.web.util.matcher.AnyRequestMatcher@1, [org.springframework.security.web.context.request.async.WebAsyncManagerIntegrationFilter@2dc39b53, org.springframework.security.web.context.SecurityContextPersistenceFilter@33ec2c0c, org.springframework.security.web.header.HeaderWriterFilter@1e226bcd, org.springframework.security.web.authentication.logout.LogoutFilter@6b2fdffc, org.springframework.security.web.authentication.www.BasicAuthenticationFilter@27a9f025, org.springframework.security.web.savedrequest.RequestCacheAwareFilter@3887c7d7, org.springframework.security.web.servletapi.SecurityContextHolderAwareRequestFilter@1fb2eec, org.springframework.security.web.authentication.AnonymousAuthenticationFilter@45037e16, org.springframework.security.web.session.SessionManagementFilter@16cf8438, org.springframework.security.web.access.ExceptionTranslationFilter@3b088163, org.springframework.security.web.access.intercept.FilterSecurityInterceptor@8b13d91]
2019-02-16 17:12:36.599  INFO 38925 --- [main] o.s.w.s.handler.SimpleUrlHandlerMapping  : Mapped URL path [/**/favicon.ico] onto handler of type [class org.springframework.web.servlet.resource.ResourceHttpRequestHandler]
2019-02-16 17:12:36.811  INFO 38925 --- [main] s.w.s.m.m.a.RequestMappingHandlerAdapter : Looking for @ControllerAdvice: org.springframework.boot.web.servlet.context.AnnotationConfigServletWebServerApplicationContext@247bddad: startup date [Sat Feb 16 17:12:30 EST 2019]; root of context hierarchy
2019-02-16 17:12:36.839  WARN 38925 --- [main] aWebConfiguration$JpaWebMvcConfiguration : spring.jpa.open-in-view is enabled by default. Therefore, database queries may be performed during view rendering. Explicitly configure spring.jpa.open-in-view to disable this warning
2019-02-16 17:12:36.873  INFO 38925 --- [main] s.w.s.m.m.a.RequestMappingHandlerMapping : Mapped "{[/ping],methods=[GET],produces=[application/json]}" onto public java.lang.String com.cloud.LoginApplication.ping(javax.servlet.http.HttpServletRequest)
2019-02-16 17:12:36.874  INFO 38925 --- [main] s.w.s.m.m.a.RequestMappingHandlerMapping : Mapped "{[/healthcheck],methods=[GET],produces=[application/json]}" onto public java.lang.String com.cloud.LoginApplication.time()
2019-02-16 17:12:36.876  INFO 38925 --- [main] s.w.s.m.m.a.RequestMappingHandlerMapping : Mapped "{[/transaction/{id}],methods=[PUT]}" onto public com.cloud.model.Status com.cloud.controller.TransactionController.update(java.lang.String,com.cloud.model.Transaction,javax.servlet.http.HttpServletResponse) throws java.io.IOException
2019-02-16 17:12:36.876  INFO 38925 --- [main] s.w.s.m.m.a.RequestMappingHandlerMapping : Mapped "{[/transaction/{id}],methods=[DELETE]}" onto public com.cloud.model.Status com.cloud.controller.TransactionController.delete(java.lang.String,javax.servlet.http.HttpServletResponse) throws java.io.IOException
2019-02-16 17:12:36.877  INFO 38925 --- [main] s.w.s.m.m.a.RequestMappingHandlerMapping : Mapped "{[/transaction],methods=[POST]}" onto public com.cloud.model.Status com.cloud.controller.TransactionController.create(com.cloud.model.Transaction,javax.servlet.http.HttpServletResponse) throws java.io.IOException
2019-02-16 17:12:36.877  INFO 38925 --- [main] s.w.s.m.m.a.RequestMappingHandlerMapping : Mapped "{[/transaction],methods=[GET]}" onto public com.cloud.model.TransactionWrapper com.cloud.controller.TransactionController.findTransactionsByUserId(javax.servlet.http.HttpServletResponse) throws java.io.IOException
2019-02-16 17:12:36.878  INFO 38925 --- [main] s.w.s.m.m.a.RequestMappingHandlerMapping : Mapped "{[/transaction/{id}/attachments],methods=[GET]}" onto public com.cloud.model.AttachmentWrapper com.cloud.controller.TransactionController.getReceipt(java.lang.String,javax.servlet.http.HttpServletResponse) throws java.io.IOException
2019-02-16 17:12:36.879  INFO 38925 --- [main] s.w.s.m.m.a.RequestMappingHandlerMapping : Mapped "{[/transaction/{id}/attachments],methods=[POST]}" onto public com.cloud.model.Status com.cloud.controller.TransactionController.uploadReceipt(java.lang.String,org.springframework.web.multipart.MultipartFile)
2019-02-16 17:12:36.880  INFO 38925 --- [main] s.w.s.m.m.a.RequestMappingHandlerMapping : Mapped "{[/transaction/{id}/attachments/{attachmentId}],methods=[PUT]}" onto public com.cloud.model.Status com.cloud.controller.TransactionController.updateReceipt(java.lang.String,java.lang.String,org.springframework.web.multipart.MultipartFile)
2019-02-16 17:12:36.880  INFO 38925 --- [main] s.w.s.m.m.a.RequestMappingHandlerMapping : Mapped "{[/transaction/{id}/attachments/{attachmentId}],methods=[DELETE]}" onto public com.cloud.model.Status com.cloud.controller.TransactionController.deleteAttachment(java.lang.String,java.lang.String,javax.servlet.http.HttpServletResponse) throws java.io.IOException
2019-02-16 17:12:36.881  INFO 38925 --- [main] s.w.s.m.m.a.RequestMappingHandlerMapping : Mapped "{[/logout],methods=[GET]}" onto public void com.cloud.controller.UserController.logout(javax.servlet.http.HttpServletRequest,javax.servlet.http.HttpServletResponse)
2019-02-16 17:12:36.881  INFO 38925 --- [main] s.w.s.m.m.a.RequestMappingHandlerMapping : Mapped "{[/time],methods=[GET],produces=[application/json]}" onto public java.lang.String com.cloud.controller.UserController.time()
2019-02-16 17:12:36.882  INFO 38925 --- [main] s.w.s.m.m.a.RequestMappingHandlerMapping : Mapped "{[/user/register],methods=[POST]}" onto public java.lang.String com.cloud.controller.UserController.createNewUser(com.cloud.model.User,org.springframework.validation.BindingResult)
2019-02-16 17:12:36.886  INFO 38925 --- [main] s.w.s.m.m.a.RequestMappingHandlerMapping : Mapped "{[/error]}" onto public org.springframework.http.ResponseEntity<java.util.Map<java.lang.String, java.lang.Object>> org.springframework.boot.autoconfigure.web.servlet.error.BasicErrorController.error(javax.servlet.http.HttpServletRequest)
2019-02-16 17:12:36.886  INFO 38925 --- [main] s.w.s.m.m.a.RequestMappingHandlerMapping : Mapped "{[/error],produces=[text/html]}" onto public org.springframework.web.servlet.ModelAndView org.springframework.boot.autoconfigure.web.servlet.error.BasicErrorController.errorHtml(javax.servlet.http.HttpServletRequest,javax.servlet.http.HttpServletResponse)
2019-02-16 17:12:36.915  INFO 38925 --- [main] o.s.w.s.handler.SimpleUrlHandlerMapping  : Mapped URL path [/webjars/**] onto handler of type [class org.springframework.web.servlet.resource.ResourceHttpRequestHandler]
2019-02-16 17:12:36.915  INFO 38925 --- [main] o.s.w.s.handler.SimpleUrlHandlerMapping  : Mapped URL path [/**] onto handler of type [class org.springframework.web.servlet.resource.ResourceHttpRequestHandler]
2019-02-16 17:12:37.342  INFO 38925 --- [main] o.s.j.e.a.AnnotationMBeanExporter        : Registering beans for JMX exposure on startup
2019-02-16 17:12:37.345  INFO 38925 --- [main] o.s.j.e.a.AnnotationMBeanExporter        : Bean with name 'dataSource' has been autodetected for JMX exposure
2019-02-16 17:12:37.351  INFO 38925 --- [main] o.s.j.e.a.AnnotationMBeanExporter        : Located MBean 'dataSource': registering with JMX server as MBean [com.zaxxer.hikari:name=dataSource,type=HikariDataSource]
2019-02-16 17:12:37.454  INFO 38925 --- [main] o.s.b.w.embedded.tomcat.TomcatWebServer  : Tomcat started on port(s): 8080 (http) with context path ''
2019-02-16 17:12:37.459  INFO 38925 --- [main] com.cloud.LoginApplication               : Started LoginApplication in 7.239 seconds (JVM running for 8.012)
2019-02-16 17:13:10.437  INFO 38925 --- [http-nio-8080-exec-1] o.a.c.c.C.[Tomcat].[localhost].[/]       : Initializing Spring FrameworkServlet 'dispatcherServlet'
2019-02-16 17:13:10.442  INFO 38925 --- [http-nio-8080-exec-1] o.s.web.servlet.DispatcherServlet        : FrameworkServlet 'dispatcherServlet': initialization started
2019-02-16 17:13:10.533  INFO 38925 --- [http-nio-8080-exec-1] o.s.web.servlet.DispatcherServlet        : FrameworkServlet 'dispatcherServlet': initialization completed in 90 ms
2019-02-16 17:13:10.677  INFO 38925 --- [http-nio-8080-exec-1] com.cloud.LoginApplication               : healthcheck Success
2019-02-16 17:18:59.635  WARN 38925 --- [HikariPool-1 housekeeper] com.zaxxer.hikari.pool.HikariPool        : HikariPool-1 - Thread starvation or clock leap detected (housekeeper delta=5m25s730ms).
